<?xml version="1.0" encoding="UTF-8"?>
<!-- Generated by org.testng.reporters.JUnitXMLReporter -->
<testsuite ignored="0" hostname="MacBook-Pro.local" failures="0" tests="5" name="Default test" time="5.273" errors="0" timestamp="2022-04-04T17:01:06 GMT-07:00">
  <testcase classname="RestassuredTests.Demo6_BasicValidations_XML" name="testSingleContent" time="3.242"/>
  <testcase classname="RestassuredTests.Demo6_BasicValidations_XML" name="testMultipleContents" time="0.553"/>
  <testcase classname="RestassuredTests.Demo6_BasicValidations_XML" name="testMultipleContentsinOneGo" time="0.472"/>
  <testcase classname="RestassuredTests.Demo6_BasicValidations_XML" name="testUsingXPath1" time="0.537"/>
  <testcase classname="RestassuredTests.Demo6_BasicValidations_XML" name="testUsingXPath2" time="0.418"/>
</testsuite> <!-- Default test -->
